2010-06-23 11:35:06,192 [9] WARN  - Time provider not found - defaulting to local machine time.
2010-06-23 11:35:06,259 [9] INFO  - Starting to listen with AE WORKLIST_SV on port 192.168.1.177:105
2010-06-23 11:35:07,619 [9] INFO  - Worklist server started successfully
2010-06-23 11:35:07,619 [9] INFO  - Connected Database :Data Source=192.168.1.30;Initial Catalog=Ris;User Id=sa;Password=biti1234
2010-06-23 11:35:14,040 [DicomServer: 192.168.1.177 [14]] DEBUG - Receive MetaInfo:
(0000,0002) UI =Modality Worklist Information Model – FIND #   22 Affected SOP Class UID 1
(0000,0100) US 32                                       #    2 Command Field 1
(0000,0110) US 4                                        #    2 Message ID 1
(0000,0700) US 0                                        #    2 Priority 1
(0000,0800) US 0                                        #    2 Data Set Type 1

2010-06-23 11:35:14,042 [DicomServer: 192.168.1.177 [14]] DEBUG - Receive DataSet:
(0008,0050) SH []                                       #    0 Accession Number 1
(0008,0090) PN []                                       #    0 Referring Physician's Name 1
(0008,1110) SQ Referenced Study Sequence
(0008,1120) SQ Referenced Patient Sequence
(0010,0010) PN []                                       #    0 Patient's Name 1
(0010,0020) LO []                                       #    0 Patient ID 1
(0010,0030) DA []                                       #    0 Patient's Birth Date 1
(0010,0040) CS []                                       #    0 Patient's Sex 1
(0010,1030) DS []                                       #    0 Patient's Weight 1
(0010,2000) LO []                                       #    0 Medical Alerts 1-N
(0010,2110) LO []                                       #    0 Allergies 1-N
(0010,21c0) US (no value available)                     #    0 Pregnancy Status 1
(0020,000d) UI [1.2.826.0.1.3680043.2.1545.6.887.7]     #   34 Study Instance UID 1
(0032,1032) PN []                                       #    0 Requesting Physician 1
(0038,0010) LO []                                       #    0 Admission ID 1
(0038,0050) LO []                                       #    0 Special Needs 1
(0038,0300) LO []                                       #    0 Current Patient Location 1
(0038,0500) LO []                                       #    0 Patient State 1
(0040,0100) SQ Scheduled Procedure Step Sequence
 Item:
  > (0008,0060) CS [CT]                                 #    2 Modality 1
  > (0040,0001) AE [DVT]                                #    4 Scheduled Station AE Title 1-N
  > (0040,0002) DA [20100623]                           #    8 Scheduled Procedure Step Start Date 1
  > (0040,0006) PN []                                   #    0 Scheduled Performing Physician's Name 1
  > (0040,0010) SH []                                   #    0 Scheduled Station Name 1-N
  > (0040,0011) SH []                                   #    0 Scheduled Procedure Step Location 1
(0040,1001) SH [RPQ1]                                   #    4 Requested Procedure ID 1
(0040,1003) SH []                                       #    0 Requested Procedure Priority  1
(0040,1004) LO []                                       #    0 Patient Transport Arrangements 1
(0040,3001) LO []                                       #    0 Confidentiality Constraint on Patient Data Description 1

2010-06-23 11:35:14,384 [DicomServer: 192.168.1.177 [14]] DEBUG - Send MetaInfo:
(0000,0002) UI =Modality Worklist Information Model – FIND #   22 Affected SOP Class UID 1
(0000,0100) US 32800                                    #    2 Command Field 1
(0000,0120) US 4                                        #    2 Message ID Being Responded To 1
(0000,0800) US 257                                      #    2 Data Set Type 1
(0000,0900) US 0                                        #    2 Status 1

2010-06-23 11:35:14,455 [DicomServer: 192.168.1.177 [14]] DEBUG - Send DataSet:

2010-06-23 11:35:20,057 [9] INFO  - Stopping listening with AE WORKLIST_SV on 192.168.1.177:105
2010-06-23 11:36:31,797 [9] WARN  - Time provider not found - defaulting to local machine time.
2010-06-23 11:36:31,864 [9] INFO  - Starting to listen with AE WORKLIST_SV on port 192.168.1.177:105
2010-06-23 11:36:33,210 [9] INFO  - Worklist server started successfully
2010-06-23 11:36:33,210 [9] INFO  - Connected Database :Data Source=192.168.1.30;Initial Catalog=Ris;User Id=sa;Password=biti1234
2010-06-23 11:36:36,631 [DicomServer: 192.168.1.177 [14]] DEBUG - Receive MetaInfo:
(0000,0002) UI =Modality Worklist Information Model – FIND #   22 Affected SOP Class UID 1
(0000,0100) US 32                                       #    2 Command Field 1
(0000,0110) US 5                                        #    2 Message ID 1
(0000,0700) US 0                                        #    2 Priority 1
(0000,0800) US 0                                        #    2 Data Set Type 1

2010-06-23 11:36:36,633 [DicomServer: 192.168.1.177 [14]] DEBUG - Receive DataSet:
(0008,0050) SH []                                       #    0 Accession Number 1
(0008,0090) PN []                                       #    0 Referring Physician's Name 1
(0008,1110) SQ Referenced Study Sequence
(0008,1120) SQ Referenced Patient Sequence
(0010,0010) PN []                                       #    0 Patient's Name 1
(0010,0020) LO []                                       #    0 Patient ID 1
(0010,0030) DA []                                       #    0 Patient's Birth Date 1
(0010,0040) CS []                                       #    0 Patient's Sex 1
(0010,1030) DS []                                       #    0 Patient's Weight 1
(0010,2000) LO []                                       #    0 Medical Alerts 1-N
(0010,2110) LO []                                       #    0 Allergies 1-N
(0010,21c0) US (no value available)                     #    0 Pregnancy Status 1
(0020,000d) UI [1.2.826.0.1.3680043.2.1545.6.887.7]     #   34 Study Instance UID 1
(0032,1032) PN []                                       #    0 Requesting Physician 1
(0038,0010) LO []                                       #    0 Admission ID 1
(0038,0050) LO []                                       #    0 Special Needs 1
(0038,0300) LO []                                       #    0 Current Patient Location 1
(0038,0500) LO []                                       #    0 Patient State 1
(0040,0100) SQ Scheduled Procedure Step Sequence
 Item:
  > (0008,0060) CS [CT]                                 #    2 Modality 1
  > (0040,0001) AE [DVT]                                #    4 Scheduled Station AE Title 1-N
  > (0040,0002) DA [20100623]                           #    8 Scheduled Procedure Step Start Date 1
  > (0040,0006) PN []                                   #    0 Scheduled Performing Physician's Name 1
  > (0040,0010) SH []                                   #    0 Scheduled Station Name 1-N
  > (0040,0011) SH []                                   #    0 Scheduled Procedure Step Location 1
(0040,1001) SH [RPQ1]                                   #    4 Requested Procedure ID 1
(0040,1003) SH []                                       #    0 Requested Procedure Priority  1
(0040,1004) LO []                                       #    0 Patient Transport Arrangements 1
(0040,3001) LO []                                       #    0 Confidentiality Constraint on Patient Data Description 1

2010-06-23 11:36:37,139 [DicomServer: 192.168.1.177 [14]] DEBUG - Send MetaInfo:
(0000,0002) UI =Modality Worklist Information Model – FIND #   22 Affected SOP Class UID 1
(0000,0100) US 32800                                    #    2 Command Field 1
(0000,0120) US 5                                        #    2 Message ID Being Responded To 1
(0000,0800) US 257                                      #    2 Data Set Type 1
(0000,0900) US 0                                        #    2 Status 1

2010-06-23 11:36:37,139 [DicomServer: 192.168.1.177 [14]] DEBUG - Send DataSet:

2010-06-23 11:36:43,749 [9] INFO  - Stopping listening with AE WORKLIST_SV on 192.168.1.177:105
2010-06-23 11:39:17,806 [9] WARN  - Time provider not found - defaulting to local machine time.
2010-06-23 11:39:17,872 [9] INFO  - Starting to listen with AE WORKLIST_SV on port 192.168.1.177:105
2010-06-23 11:39:18,906 [9] INFO  - Worklist server started successfully
2010-06-23 11:39:18,906 [9] INFO  - Connected Database :Data Source=192.168.1.30;Initial Catalog=Ris;User Id=sa;Password=biti1234
2010-06-23 11:39:22,538 [9] INFO  - Stopping listening with AE WORKLIST_SV on 192.168.1.177:105
2010-06-23 11:39:24,560 [9] INFO  - Worklist server Stopped successfully
2010-06-23 11:39:52,325 [10] WARN  - Time provider not found - defaulting to local machine time.
2010-06-23 11:39:52,391 [10] INFO  - Starting to listen with AE WORKLIST_SV on port 192.168.1.177:105
2010-06-23 11:39:53,666 [10] INFO  - Worklist server started successfully
2010-06-23 11:39:53,666 [10] INFO  - Connected Database :Data Source=192.168.1.30;Initial Catalog=Ris;User Id=sa;Password=biti1234
2010-06-23 11:39:56,831 [10] INFO  - Stopping listening with AE WORKLIST_SV on 192.168.1.177:105
2010-06-23 11:43:23,770 [9] WARN  - Time provider not found - defaulting to local machine time.
2010-06-23 11:43:27,728 [9] ERROR - Unable to stop listening, assembly was not listening on end point 192.168.1.177:105.
2010-06-23 11:43:35,985 [10] WARN  - Time provider not found - defaulting to local machine time.
2010-06-23 11:43:42,981 [10] INFO  - Starting to listen with AE WORKLIST_SV on port 192.168.1.177:105
2010-06-23 11:43:44,247 [10] INFO  - Worklist server started successfully
2010-06-23 11:43:44,248 [10] INFO  - Connected Database :Data Source=192.168.1.30;Initial Catalog=Ris;User Id=sa;Password=biti1234
2010-06-23 11:43:50,399 [DicomServer: 192.168.1.177 [15]] DEBUG - Receive MetaInfo:
(0000,0002) UI =Modality Worklist Information Model – FIND #   22 Affected SOP Class UID 1
(0000,0100) US 32                                       #    2 Command Field 1
(0000,0110) US 6                                        #    2 Message ID 1
(0000,0700) US 0                                        #    2 Priority 1
(0000,0800) US 0                                        #    2 Data Set Type 1

2010-06-23 11:43:50,400 [DicomServer: 192.168.1.177 [15]] DEBUG - Receive DataSet:
(0008,0050) SH []                                       #    0 Accession Number 1
(0008,0090) PN []                                       #    0 Referring Physician's Name 1
(0008,1110) SQ Referenced Study Sequence
(0008,1120) SQ Referenced Patient Sequence
(0010,0010) PN []                                       #    0 Patient's Name 1
(0010,0020) LO []                                       #    0 Patient ID 1
(0010,0030) DA []                                       #    0 Patient's Birth Date 1
(0010,0040) CS []                                       #    0 Patient's Sex 1
(0010,1030) DS []                                       #    0 Patient's Weight 1
(0010,2000) LO []                                       #    0 Medical Alerts 1-N
(0010,2110) LO []                                       #    0 Allergies 1-N
(0010,21c0) US (no value available)                     #    0 Pregnancy Status 1
(0020,000d) UI [1.2.826.0.1.3680043.2.1545.6.887.7]     #   34 Study Instance UID 1
(0032,1032) PN []                                       #    0 Requesting Physician 1
(0038,0010) LO []                                       #    0 Admission ID 1
(0038,0050) LO []                                       #    0 Special Needs 1
(0038,0300) LO []                                       #    0 Current Patient Location 1
(0038,0500) LO []                                       #    0 Patient State 1
(0040,0100) SQ Scheduled Procedure Step Sequence
 Item:
  > (0008,0060) CS [CT]                                 #    2 Modality 1
  > (0040,0001) AE [DVT]                                #    4 Scheduled Station AE Title 1-N
  > (0040,0002) DA [20100623]                           #    8 Scheduled Procedure Step Start Date 1
  > (0040,0006) PN []                                   #    0 Scheduled Performing Physician's Name 1
  > (0040,0010) SH []                                   #    0 Scheduled Station Name 1-N
  > (0040,0011) SH []                                   #    0 Scheduled Procedure Step Location 1
(0040,1001) SH [RPQ1]                                   #    4 Requested Procedure ID 1
(0040,1003) SH []                                       #    0 Requested Procedure Priority  1
(0040,1004) LO []                                       #    0 Patient Transport Arrangements 1
(0040,3001) LO []                                       #    0 Confidentiality Constraint on Patient Data Description 1

2010-06-23 11:43:50,731 [DicomServer: 192.168.1.177 [15]] DEBUG - Send MetaInfo:
(0000,0002) UI =Modality Worklist Information Model – FIND #   22 Affected SOP Class UID 1
(0000,0100) US 32800                                    #    2 Command Field 1
(0000,0120) US 6                                        #    2 Message ID Being Responded To 1
(0000,0800) US 257                                      #    2 Data Set Type 1
(0000,0900) US 0                                        #    2 Status 1

2010-06-23 11:43:50,817 [DicomServer: 192.168.1.177 [15]] DEBUG - Send DataSet:

2010-06-23 11:43:58,410 [10] INFO  - Stopping listening with AE WORKLIST_SV on 192.168.1.177:105
2010-06-23 11:44:00,358 [10] INFO  - Worklist server Stopped successfully
2010-06-23 11:51:34,074 [9] WARN  - Time provider not found - defaulting to local machine time.
2010-06-23 11:51:50,829 [9] ERROR - Unable to stop listening, assembly was not listening on end point 192.168.1.177:105.
2010-06-23 11:51:55,867 [10] WARN  - Time provider not found - defaulting to local machine time.
2010-06-23 11:51:57,839 [10] ERROR - Unable to stop listening, assembly was not listening on end point 192.168.1.177:36500.
2010-06-23 13:21:49,759 [1] WARN  - Time provider not found - defaulting to local machine time.
2010-06-23 13:22:06,100 [1] ERROR - Unable to stop listening, assembly was not listening on end point 192.168.1.177:105.
2010-06-23 14:01:25,207 [9] WARN  - Time provider not found - defaulting to local machine time.
2010-06-23 14:01:30,091 [9] INFO  - Value cannot be null.
Parameter name: key 
    at System.ThrowHelper.ThrowArgumentNullException(ExceptionArgument argument)
   at System.Collections.Generic.Dictionary`2.Insert(TKey key, TValue value, Boolean add)
   at System.Collections.Generic.Dictionary`2.Add(TKey key, TValue value)
   at ClearCanvas.Dicom.Network.Listener..ctor(ServerAssociationParameters parameters, StartAssociation acceptor)
   at ClearCanvas.Dicom.Network.Listener.Listen(ServerAssociationParameters parameters, StartAssociation acceptor)
   at ClearCanvas.Dicom.Network.DicomServer.StartListening(ServerAssociationParameters parameters, StartAssociation acceptor)
   at WorklistServer.Listener.WorklistListener.StartListening() in D:\Running_Sourcecode\WorklistServer_Copy\WorklistServer.Listener\WorklistListener.cs:line 182
   at WorklistServer.WorklistServerConfig_View.start() in D:\Running_Sourcecode\WorklistServer_Copy\WorklistServer\WorklistServerConfig_View.cs:line 117
2010-06-23 14:01:37,945 [9] INFO  - Value cannot be null.
Parameter name: key 
    at System.ThrowHelper.ThrowArgumentNullException(ExceptionArgument argument)
   at System.Collections.Generic.Dictionary`2.Insert(TKey key, TValue value, Boolean add)
   at System.Collections.Generic.Dictionary`2.Add(TKey key, TValue value)
   at ClearCanvas.Dicom.Network.Listener..ctor(ServerAssociationParameters parameters, StartAssociation acceptor)
   at ClearCanvas.Dicom.Network.Listener.Listen(ServerAssociationParameters parameters, StartAssociation acceptor)
   at ClearCanvas.Dicom.Network.DicomServer.StartListening(ServerAssociationParameters parameters, StartAssociation acceptor)
   at WorklistServer.Listener.WorklistListener.StartListening() in D:\Running_Sourcecode\WorklistServer_Copy\WorklistServer.Listener\WorklistListener.cs:line 182
   at WorklistServer.WorklistServerConfig_View.start() in D:\Running_Sourcecode\WorklistServer_Copy\WorklistServer\WorklistServerConfig_View.cs:line 117
2010-06-23 14:02:19,954 [9] INFO  - Value cannot be null.
Parameter name: key 
    at System.ThrowHelper.ThrowArgumentNullException(ExceptionArgument argument)
   at System.Collections.Generic.Dictionary`2.Insert(TKey key, TValue value, Boolean add)
   at System.Collections.Generic.Dictionary`2.Add(TKey key, TValue value)
   at ClearCanvas.Dicom.Network.Listener..ctor(ServerAssociationParameters parameters, StartAssociation acceptor)
   at ClearCanvas.Dicom.Network.Listener.Listen(ServerAssociationParameters parameters, StartAssociation acceptor)
   at ClearCanvas.Dicom.Network.DicomServer.StartListening(ServerAssociationParameters parameters, StartAssociation acceptor)
   at WorklistServer.Listener.WorklistListener.StartListening() in D:\Running_Sourcecode\WorklistServer_Copy\WorklistServer.Listener\WorklistListener.cs:line 182
   at WorklistServer.WorklistServerConfig_View.start() in D:\Running_Sourcecode\WorklistServer_Copy\WorklistServer\WorklistServerConfig_View.cs:line 117
2010-06-23 14:04:29,819 [9] WARN  - Time provider not found - defaulting to local machine time.
2010-06-23 14:04:44,956 [9] INFO  - Value cannot be null.
Parameter name: key 
    at System.ThrowHelper.ThrowArgumentNullException(ExceptionArgument argument)
   at System.Collections.Generic.Dictionary`2.Insert(TKey key, TValue value, Boolean add)
   at System.Collections.Generic.Dictionary`2.Add(TKey key, TValue value)
   at ClearCanvas.Dicom.Network.Listener..ctor(ServerAssociationParameters parameters, StartAssociation acceptor)
   at ClearCanvas.Dicom.Network.Listener.Listen(ServerAssociationParameters parameters, StartAssociation acceptor)
   at ClearCanvas.Dicom.Network.DicomServer.StartListening(ServerAssociationParameters parameters, StartAssociation acceptor)
   at WorklistServer.Listener.WorklistListener.StartListening() in D:\Running_Sourcecode\WorklistServer_Copy\WorklistServer.Listener\WorklistListener.cs:line 182
   at WorklistServer.WorklistServerConfig_View.start() in D:\Running_Sourcecode\WorklistServer_Copy\WorklistServer\WorklistServerConfig_View.cs:line 117
2010-06-23 14:05:18,252 [10] WARN  - Time provider not found - defaulting to local machine time.
2010-06-23 14:05:42,495 [10] INFO  - Value cannot be null.
Parameter name: key 
    at System.ThrowHelper.ThrowArgumentNullException(ExceptionArgument argument)
   at System.Collections.Generic.Dictionary`2.Insert(TKey key, TValue value, Boolean add)
   at System.Collections.Generic.Dictionary`2.Add(TKey key, TValue value)
   at ClearCanvas.Dicom.Network.Listener..ctor(ServerAssociationParameters parameters, StartAssociation acceptor)
   at ClearCanvas.Dicom.Network.Listener.Listen(ServerAssociationParameters parameters, StartAssociation acceptor)
   at ClearCanvas.Dicom.Network.DicomServer.StartListening(ServerAssociationParameters parameters, StartAssociation acceptor)
   at WorklistServer.Listener.WorklistListener.StartListening() in D:\Running_Sourcecode\WorklistServer_Copy\WorklistServer.Listener\WorklistListener.cs:line 182
   at WorklistServer.WorklistServerConfig_View.start() in D:\Running_Sourcecode\WorklistServer_Copy\WorklistServer\WorklistServerConfig_View.cs:line 117
2010-06-23 14:05:57,635 [10] INFO  - Value cannot be null.
Parameter name: key 
    at System.ThrowHelper.ThrowArgumentNullException(ExceptionArgument argument)
   at System.Collections.Generic.Dictionary`2.Insert(TKey key, TValue value, Boolean add)
   at System.Collections.Generic.Dictionary`2.Add(TKey key, TValue value)
   at ClearCanvas.Dicom.Network.Listener..ctor(ServerAssociationParameters parameters, StartAssociation acceptor)
   at ClearCanvas.Dicom.Network.Listener.Listen(ServerAssociationParameters parameters, StartAssociation acceptor)
   at ClearCanvas.Dicom.Network.DicomServer.StartListening(ServerAssociationParameters parameters, StartAssociation acceptor)
   at WorklistServer.Listener.WorklistListener.StartListening() in D:\Running_Sourcecode\WorklistServer_Copy\WorklistServer.Listener\WorklistListener.cs:line 182
   at WorklistServer.WorklistServerConfig_View.start() in D:\Running_Sourcecode\WorklistServer_Copy\WorklistServer\WorklistServerConfig_View.cs:line 117
2010-06-23 14:06:39,998 [10] WARN  - Time provider not found - defaulting to local machine time.
2010-06-23 14:08:58,209 [10] WARN  - Time provider not found - defaulting to local machine time.
2010-06-23 14:09:03,620 [10] INFO  - Starting to listen with AE WORKLIST_SV on port 192.168.1.177:36500
2010-06-23 14:09:03,620 [10] INFO  - Data Source=192.168.1.30;Initial Catalog=Ris;User Id=sa;Password=biti1234
2010-06-23 14:09:06,264 [10] INFO  - Worklist server started successfully
2010-06-23 14:09:06,264 [10] INFO  - Connected Database :Data Source=192.168.1.30;Initial Catalog=Ris;User Id=sa;Password=biti1234
2010-06-23 14:41:52,793 [10] WARN  - Time provider not found - defaulting to local machine time.
2010-06-23 14:41:54,191 [10] INFO  - Starting to listen with AE WORKLIST_SV on port 192.168.1.177:36500
2010-06-23 14:41:54,191 [10] INFO  - Data Source=192.168.1.30;Initial Catalog=Ris;User Id=sa;Password=biti1234
2010-06-23 14:41:55,484 [10] INFO  - Worklist server started successfully
2010-06-23 14:41:55,484 [10] INFO  - Connected Database :Data Source=192.168.1.30;Initial Catalog=Ris;User Id=sa;Password=biti1234
2010-06-23 14:42:30,845 [DicomServer: 192.168.1.177 [15]] DEBUG - Receive MetaInfo:
(0000,0002) UI =Modality Worklist Information Model – FIND #   22 Affected SOP Class UID 1
(0000,0100) US 32                                       #    2 Command Field 1
(0000,0110) US 1                                        #    2 Message ID 1
(0000,0700) US 0                                        #    2 Priority 1
(0000,0800) US 0                                        #    2 Data Set Type 1

2010-06-23 14:42:30,846 [DicomServer: 192.168.1.177 [15]] DEBUG - Receive DataSet:
(0008,0050) SH []                                       #    0 Accession Number 1
(0008,0090) PN []                                       #    0 Referring Physician's Name 1
(0008,1110) SQ Referenced Study Sequence
(0008,1120) SQ Referenced Patient Sequence
(0010,0010) PN []                                       #    0 Patient's Name 1
(0010,0020) LO []                                       #    0 Patient ID 1
(0010,0030) DA []                                       #    0 Patient's Birth Date 1
(0010,0040) CS []                                       #    0 Patient's Sex 1
(0010,1030) DS []                                       #    0 Patient's Weight 1
(0010,2000) LO []                                       #    0 Medical Alerts 1-N
(0010,2110) LO []                                       #    0 Allergies 1-N
(0010,21c0) US (no value available)                     #    0 Pregnancy Status 1
(0020,000d) UI [1.2.826.0.1.3680043.2.1545.6.887.7]     #   34 Study Instance UID 1
(0032,1032) PN []                                       #    0 Requesting Physician 1
(0038,0010) LO []                                       #    0 Admission ID 1
(0038,0050) LO []                                       #    0 Special Needs 1
(0038,0300) LO []                                       #    0 Current Patient Location 1
(0038,0500) LO []                                       #    0 Patient State 1
(0040,0100) SQ Scheduled Procedure Step Sequence
 Item:
  > (0008,0060) CS [CT]                                 #    2 Modality 1
  > (0040,0001) AE [DVT]                                #    4 Scheduled Station AE Title 1-N
  > (0040,0002) DA [20100623]                           #    8 Scheduled Procedure Step Start Date 1
  > (0040,0006) PN []                                   #    0 Scheduled Performing Physician's Name 1
  > (0040,0010) SH []                                   #    0 Scheduled Station Name 1-N
  > (0040,0011) SH []                                   #    0 Scheduled Procedure Step Location 1
(0040,1001) SH [RPQ1]                                   #    4 Requested Procedure ID 1
(0040,1003) SH []                                       #    0 Requested Procedure Priority  1
(0040,1004) LO []                                       #    0 Patient Transport Arrangements 1
(0040,3001) LO []                                       #    0 Confidentiality Constraint on Patient Data Description 1

2010-06-23 14:42:31,227 [DicomServer: 192.168.1.177 [15]] DEBUG - Send MetaInfo:
(0000,0002) UI =Modality Worklist Information Model – FIND #   22 Affected SOP Class UID 1
(0000,0100) US 32800                                    #    2 Command Field 1
(0000,0120) US 1                                        #    2 Message ID Being Responded To 1
(0000,0800) US 257                                      #    2 Data Set Type 1
(0000,0900) US 0                                        #    2 Status 1

2010-06-23 14:42:31,256 [DicomServer: 192.168.1.177 [15]] DEBUG - Send DataSet:

2010-06-23 14:42:35,847 [10] INFO  - Stopping listening with AE WORKLIST_SV on 192.168.1.177:36500
2010-06-23 14:55:55,952 [10] WARN  - Time provider not found - defaulting to local machine time.
2010-06-23 14:55:58,064 [10] INFO  - Starting to listen with AE WORKLIST_SV on port 192.168.1.177:105
2010-06-23 14:55:58,065 [10] INFO  - Server=(local);database=Ris;Integrated Security=SSPI;
2010-06-23 14:55:59,688 [10] INFO  - Worklist server started successfully
2010-06-23 14:55:59,688 [10] INFO  - Connected Database :Server=(local);database=Ris;Integrated Security=SSPI;
2010-06-23 14:56:55,733 [10] INFO  - Stopping listening with AE WORKLIST_SV on 192.168.1.177:105
